<?xml version="1.0" encoding="UTF-8"?>
<testsuites name="New Test Suite" time="24" tests="2" failures="0" errors="0">
   <testsuite name="New Test Suite" tests="2" failures="0" errors="0" time="24" timestamp="2019-03-06 15:13:55" hostname="sonalid - ULTP_594.synerzipune.local" id="Test Suites/New Test Suite">
      <properties>
         <property name="deviceName" value=""/>
         <property name="devicePlatform" value=""/>
         <property name="logFolder" value="E:\\API-test\\Reports\\New Test Suite\\20190306_151350"/>
         <property name="logFiles" value="E:\\API-test\\Reports\\New Test Suite\\20190306_151350\\execution0.log"/>
         <property name="attachments" value=""/>
         <property name="hostName" value="sonalid - ULTP_594.synerzipune.local"/>
         <property name="hostAddress" value="172.24.4.93"/>
         <property name="os" value="Windows 10 64bit"/>
         <property name="katalonVersion" value="5.10.1.1"/>
      </properties>
      <testcase name="Test Cases/MercatusTestCases/ProjectTestCases/Create project with invalid OrgId" classname="Test Cases/MercatusTestCases/ProjectTestCases/Create project with invalid OrgId" status="PASSED">
         <system-out><![CDATA[2019-03-06 15:13:56 - [TEST_CASE][PASSED] - Test Cases/MercatusTestCases/ProjectTestCases/Create project with invalid OrgId: Test Cases/MercatusTestCases/ProjectTestCases/Create project with invalid OrgId

2019-03-06 15:13:57 - [TEST_STEP][PASSED] - Response = sendRequest(findTestObject("Mercatus/Projects/Create Entity/Create project with invalid org id", ["Authorization":Authorization, "url3":findTestData("Create Entity").getValue(1, 1), "testrail_tc_id":"36505676"])): Send request successfully

2019-03-06 15:14:04 - [MESSAGE][INFO] - HAR: E:\API-test\Reports\New Test Suite\20190306_151350\requests\main\0.har

2019-03-06 15:14:04 - [MESSAGE][PASSED] - Send request successfully

2019-03-06 15:14:04 - [TEST_STEP][PASSED] - containsString(Response, "Access Denied.", false): Check contain string successfully

2019-03-06 15:14:04 - [MESSAGE][PASSED] - Check contain string successfully

2019-03-06 15:14:04 - [TEST_STEP][PASSED] - Start listener action : afterTestCase: null

2019-03-06 15:14:04 - [TEST_STEP][PASSED] - try: null

2019-03-06 15:14:04 - [TEST_STEP][PASSED] - tc_ids = getTestCaseVariables()["testrail_tc_id"].split(","): null

2019-03-06 15:14:04 - [TEST_STEP][PASSED] - for (def n : (0..(tc_ids.length - 1))): null

2019-03-06 15:14:04 - [TEST_STEP][PASSED] - G_run_testrail_tc_id.add(tc_ids[n]): null

2019-03-06 15:14:04 - [TEST_STEP][PASSED] - G_run_testrail_tc_status.add(testCaseContext.getTestCaseStatus()): null]]></system-out>
         <system-err><![CDATA[]]></system-err>
      </testcase>
      <testcase name="Test Cases/MercatusTestCases/ProjectTestCases/Create project without project name" classname="Test Cases/MercatusTestCases/ProjectTestCases/Create project without project name" status="PASSED">
         <system-out><![CDATA[2019-03-06 15:14:04 - [TEST_CASE][PASSED] - Test Cases/MercatusTestCases/ProjectTestCases/Create project without project name: Test Cases/MercatusTestCases/ProjectTestCases/Create project without project name

2019-03-06 15:14:04 - [TEST_STEP][PASSED] - Response = sendRequest(findTestObject("Mercatus/Projects/Create Entity/Create project without project name", ["Authorization":Authorization, "url3":findTestData("Create Entity").getValue(1, 1), "OrgId":findTestData("Create Entity").getValue(2, 1)])): Send request successfully

2019-03-06 15:14:13 - [MESSAGE][INFO] - HAR: E:\API-test\Reports\New Test Suite\20190306_151350\requests\main\1.har

2019-03-06 15:14:13 - [MESSAGE][PASSED] - Send request successfully

2019-03-06 15:14:13 - [TEST_STEP][PASSED] - verifyResponseStatusCode(Response, 200): Verify response status code successfully

2019-03-06 15:14:13 - [MESSAGE][PASSED] - Verify response status code successfully

2019-03-06 15:14:13 - [TEST_STEP][PASSED] - Start listener action : afterTestCase: null

2019-03-06 15:14:13 - [TEST_STEP][PASSED] - try: null

2019-03-06 15:14:13 - [TEST_STEP][PASSED] - tc_ids = getTestCaseVariables()["testrail_tc_id"].split(","): null

2019-03-06 15:14:13 - [TEST_STEP][PASSED] - for (def n : (0..(tc_ids.length - 1))): null

2019-03-06 15:14:13 - [TEST_STEP][PASSED] - G_run_testrail_tc_id.add(tc_ids[n]): null

2019-03-06 15:14:13 - [TEST_STEP][PASSED] - G_run_testrail_tc_status.add(testCaseContext.getTestCaseStatus()): null]]></system-out>
         <system-err><![CDATA[]]></system-err>
      </testcase>
      <system-out><![CDATA[2019-03-06 15:13:55 - [TEST_SUITE][PASSED] - New Test Suite: Test Cases/MercatusTestCases/ProjectTestCases/Create project without project name]]></system-out>
      <system-err><![CDATA[]]></system-err>
   </testsuite>
</testsuites>
